#
# There is insufficient memory for the Java Runtime Environment to continue.
# Native memory allocation (mmap) failed to map 266338304 bytes. Error detail: G1 virtual space
# Possible reasons:
#   The system is out of physical RAM or swap space
#   This process is running with CompressedOops enabled, and the Java Heap may be blocking the growth of the native heap
# Possible solutions:
#   Reduce memory load on the system
#   Increase physical memory or swap space
#   Check if swap backing store is full
#   Decrease Java heap size (-Xmx/-Xms)
#   Decrease number of Java threads
#   Decrease Java thread stack sizes (-Xss)
#   Set larger code cache with -XX:ReservedCodeCacheSize=
#   JVM is running with Zero Based Compressed Oops mode in which the Java heap is
#     placed in the first 32GB address space. The Java Heap base address is the
#     maximum limit for the native heap growth. Please use -XX:HeapBaseMinAddress
#     to set the Java Heap base and to place the Java Heap above 32GB virtual address.
# This output file may be truncated or incomplete.
#
#  Out of Memory Error (os_windows.cpp:3825), pid=6588, tid=12828
#
# JRE version:  (17.0.11) (build )
# Java VM: OpenJDK 64-Bit Server VM (17.0.11+0--11852314, mixed mode, sharing, tiered, compressed oops, compressed class ptrs, g1 gc, windows-amd64)
# No core dump will be written. Minidumps are not enabled by default on client versions of Windows
#

---------------  S U M M A R Y ------------

Command Line: org.jetbrains.kotlin.cli.jvm.K2JVMCompiler @C:\Users\Abdelrahman\AndroidStudioProjects\Task2\app\build\20241207_142884744930044970.compiler.options

Host: Intel(R) Core(TM) i7-9850H CPU @ 2.60GHz, 12 cores, 15G,  Windows 10 , 64 bit Build 19041 (10.0.19041.5072)
Time: Sat Dec  7 07:24:19 2024 Egypt Standard Time elapsed time: 0.012366 seconds (0d 0h 0m 0s)

---------------  T H R E A D  ---------------

Current thread (0x0000020d1e241e10):  JavaThread "Unknown thread" [_thread_in_vm, id=12828, stack(0x0000003f71600000,0x0000003f71700000)]

Stack: [0x0000003f71600000,0x0000003f71700000]
Native frames: (J=compiled Java code, j=interpreted, Vv=VM code, C=native code)
V  [jvm.dll+0x687bb9]
V  [jvm.dll+0x84142a]
V  [jvm.dll+0x8430ae]
V  [jvm.dll+0x843713]
V  [jvm.dll+0x24a35f]
V  [jvm.dll+0x684989]
V  [jvm.dll+0x67923a]
V  [jvm.dll+0x30af0b]
V  [jvm.dll+0x3123b6]
V  [jvm.dll+0x361dfe]
V  [jvm.dll+0x36202f]
V  [jvm.dll+0x2e0d38]
V  [jvm.dll+0x2e1ca4]
V  [jvm.dll+0x811f21]
V  [jvm.dll+0x36fb68]
V  [jvm.dll+0x7f0896]
V  [jvm.dll+0x3f3d2f]
V  [jvm.dll+0x3f58e1]
C  [jli.dll+0x528f]
C  [ucrtbase.dll+0x21bb2]
C  [KERNEL32.DLL+0x17374]
C  [ntdll.dll+0x4cc91]


---------------  P R O C E S S  ---------------

Threads class SMR info:
_java_thread_list=0x00007ff9d456efd8, length=0, elements={
}

Java Threads: ( => current thread )

Other Threads:
  0x0000020d1e2ad000 GCTaskThread "GC Thread#0" [stack: 0x0000003f71700000,0x0000003f71800000] [id=10040]
  0x0000020d1e2beb70 ConcurrentGCThread "G1 Main Marker" [stack: 0x0000003f71800000,0x0000003f71900000] [id=9756]
  0x0000020d1e2bf4a0 ConcurrentGCThread "G1 Conc#0" [stack: 0x0000003f71900000,0x0000003f71a00000] [id=8368]

[error occurred during error reporting (printing all threads), id 0xc0000005, EXCEPTION_ACCESS_VIOLATION (0xc0000005) at pc=0x00007ff9d3d21907]

VM state: not at safepoint (not fully initialized)

VM Mutex/Monitor currently owned by a thread:  ([mutex/lock_event])
[0x0000020d1e23d0a0] Heap_lock - owner thread: 0x0000020d1e241e10

Heap address: 0x0000000703000000, size: 4048 MB, Compressed Oops mode: Zero based, Oop shift amount: 3

CDS archive(s) mapped at: [0x0000000000000000-0x0000000000000000-0x0000000000000000), size 0, SharedBaseAddress: 0x0000000800000000, ArchiveRelocationMode: 1.
Narrow klass base: 0x0000000000000000, Narrow klass shift: 0, Narrow klass range: 0x0

GC Precious Log:
<Empty>

Heap:
 garbage-first heap   total 0K, used 0K [0x0000000703000000, 0x0000000800000000)
  region size 2048K, 0 young (0K), 0 survivors (0K)
 Metaspace       used 0K, committed 0K, reserved 0K
  class space    used 0K, committed 0K, reserved 0K

Heap Regions: E=young(eden), S=young(survivor), O=old, HS=humongous(starts), HC=humongous(continues), CS=collection set, F=free, OA=open archive, CA=closed archive, TAMS=top-at-mark-start (previous, next)

Card table byte_map: [0x0000020d31470000,0x0000020d31c60000] _byte_map_base: 0x0000020d2dc58000

Marking Bits (Prev, Next): (CMBitMap*) 0x0000020d1e2ae540, (CMBitMap*) 0x0000020d1e2ae580
 Prev Bits: [0x0000020d32450000, 0x0000020d36390000)
 Next Bits: [0x0000020d36390000, 0x0000020d3a2d0000)

GC Heap History (0 events):
No events

Dll operation events (1 events):
Event: 0.007 Loaded shared library C:\Program Files\Android\Android Studio\jbr\bin\java.dll

Deoptimization events (0 events):
No events

Classes unloaded (0 events):
No events

Classes redefined (0 events):
No events

Internal exceptions (0 events):
No events

VM Operations (0 events):
No events

Events (0 events):
No events


Dynamic libraries:
0x00007ff762ce0000 - 0x00007ff762cea000 	C:\Program Files\Android\Android Studio\jbr\bin\java.exe
0x00007ffa2d250000 - 0x00007ffa2d448000 	C:\Windows\SYSTEM32\ntdll.dll
0x00007ffa2cee0000 - 0x00007ffa2cfa2000 	C:\Windows\System32\KERNEL32.DLL
0x00007ffa2a980000 - 0x00007ffa2ac7e000 	C:\Windows\System32\KERNELBASE.dll
0x00007ffa2ac80000 - 0x00007ffa2ad80000 	C:\Windows\System32\ucrtbase.dll
0x00007ffa03b20000 - 0x00007ffa03b37000 	C:\Program Files\Android\Android Studio\jbr\bin\jli.dll
0x00007ffa24360000 - 0x00007ffa2437b000 	C:\Program Files\Android\Android Studio\jbr\bin\VCRUNTIME140.dll
0x00007ffa2b860000 - 0x00007ffa2b9fd000 	C:\Windows\System32\USER32.dll
0x00007ffa2afb0000 - 0x00007ffa2afd2000 	C:\Windows\System32\win32u.dll
0x00007ffa129e0000 - 0x00007ffa12c7a000 	C:\Windows\WinSxS\amd64_microsoft.windows.common-controls_6595b64144ccf1df_6.0.19041.4355_none_60b8b9eb71f62e16\COMCTL32.dll
0x00007ffa2cea0000 - 0x00007ffa2cecb000 	C:\Windows\System32\GDI32.dll
0x00007ffa2bb30000 - 0x00007ffa2bbce000 	C:\Windows\System32\msvcrt.dll
0x00007ffa2ad80000 - 0x00007ffa2ae97000 	C:\Windows\System32\gdi32full.dll
0x00007ffa2aea0000 - 0x00007ffa2af3d000 	C:\Windows\System32\msvcp_win.dll
0x00007ffa2c4f0000 - 0x00007ffa2c51f000 	C:\Windows\System32\IMM32.DLL
0x00007ffa269b0000 - 0x00007ffa269bc000 	C:\Program Files\Android\Android Studio\jbr\bin\vcruntime140_1.dll
0x00007ffa017c0000 - 0x00007ffa0184d000 	C:\Program Files\Android\Android Studio\jbr\bin\msvcp140.dll
0x00007ff9d3a30000 - 0x00007ff9d46b3000 	C:\Program Files\Android\Android Studio\jbr\bin\server\jvm.dll
0x00007ffa2c650000 - 0x00007ffa2c701000 	C:\Windows\System32\ADVAPI32.dll
0x00007ffa2c5b0000 - 0x00007ffa2c64f000 	C:\Windows\System32\sechost.dll
0x00007ffa2ba00000 - 0x00007ffa2bb23000 	C:\Windows\System32\RPCRT4.dll
0x00007ffa2afe0000 - 0x00007ffa2b007000 	C:\Windows\System32\bcrypt.dll
0x00007ffa269e0000 - 0x00007ffa269e9000 	C:\Windows\SYSTEM32\WSOCK32.dll
0x00007ffa29e80000 - 0x00007ffa29ecb000 	C:\Windows\SYSTEM32\POWRPROF.dll
0x00007ffa1cbb0000 - 0x00007ffa1cbd7000 	C:\Windows\SYSTEM32\WINMM.dll
0x00007ffa2c470000 - 0x00007ffa2c4db000 	C:\Windows\System32\WS2_32.dll
0x00007ffa22d40000 - 0x00007ffa22d4a000 	C:\Windows\SYSTEM32\VERSION.dll
0x00007ffa29cf0000 - 0x00007ffa29d02000 	C:\Windows\SYSTEM32\UMPDC.dll
0x00007ffa28770000 - 0x00007ffa28782000 	C:\Windows\SYSTEM32\kernel.appcore.dll
0x00007ffa269d0000 - 0x00007ffa269da000 	C:\Program Files\Android\Android Studio\jbr\bin\jimage.dll
0x00007ffa27630000 - 0x00007ffa27814000 	C:\Windows\SYSTEM32\DBGHELP.DLL
0x00007ffa0ac10000 - 0x00007ffa0ac44000 	C:\Windows\SYSTEM32\dbgcore.DLL
0x00007ffa2a8f0000 - 0x00007ffa2a972000 	C:\Windows\System32\bcryptPrimitives.dll
0x00007ffa26930000 - 0x00007ffa26955000 	C:\Program Files\Android\Android Studio\jbr\bin\java.dll

dbghelp: loaded successfully - version: 4.0.5 - missing functions: none
symbol engine: initialized successfully - sym options: 0x614 - pdb path: .;C:\Program Files\Android\Android Studio\jbr\bin;C:\Windows\SYSTEM32;C:\Windows\WinSxS\amd64_microsoft.windows.common-controls_6595b64144ccf1df_6.0.19041.4355_none_60b8b9eb71f62e16;C:\Program Files\Android\Android Studio\jbr\bin\server

VM Arguments:
java_command: org.jetbrains.kotlin.cli.jvm.K2JVMCompiler @C:\Users\Abdelrahman\AndroidStudioProjects\Task2\app\build\20241207_142884744930044970.compiler.options
java_class_path (initial): C:\Users\Abdelrahman\.gradle\caches\modules-2\files-2.1\org.jetbrains.kotlin\kotlin-compiler-embeddable\1.9.0\2c8c3a7402becca891f12739b3e9fd2dc2adbd7a\kotlin-compiler-embeddable-1.9.0.jar;C:\Users\Abdelrahman\.gradle\caches\modules-2\files-2.1\org.jetbrains.kotlin\kotlin-stdlib\1.9.0\8ee15ef0c67dc83d874f412d84378d7f0eb50b63\kotlin-stdlib-1.9.0.jar;C:\Users\Abdelrahman\.gradle\caches\modules-2\files-2.1\org.jetbrains.kotlin\kotlin-script-runtime\1.9.0\4b3102cbbb7e1b58d9d1adf89563f00069ffa7d1\kotlin-script-runtime-1.9.0.jar;C:\Users\Abdelrahman\.gradle\caches\modules-2\files-2.1\org.jetbrains.kotlin\kotlin-reflect\1.6.10\1cbe9c92c12a94eea200d23c2bbaedaf3daf5132\kotlin-reflect-1.6.10.jar;C:\Users\Abdelrahman\.gradle\caches\modules-2\files-2.1\org.jetbrains.kotlin\kotlin-daemon-embeddable\1.9.0\186543f5e28cf8d9a0290fecc2cf34301c40a65c\kotlin-daemon-embeddable-1.9.0.jar;C:\Users\Abdelrahman\.gradle\caches\modules-2\files-2.1\org.jetbrains.intellij.deps\trove4j\1.0.20200330\3afb14d5f9ceb459d724e907a21145e8ff394f02\trove4j-1.0.20200330.jar;C:\Users\Abdelrahman\.gradle\caches\modules-2\files-2.1\org.jetbrains.kotlin\kotlin-stdlib-common\1.9.0\cd65c21cfd1eec4d44ef09f9f52b6d9f8a720636\kotlin-stdlib-common-1.9.0.jar;C:\Users\Abdelrahman\.gradle\caches\modules-2\files-2.1\org.jetbrains\annotations\13.0\919f0dfe192fb4e063e7dacadee7f8bb9a2672a9\annotations-13.0.jar
Launcher Type: SUN_STANDARD

[Global flags]
     intx CICompilerCount                          = 4                                         {product} {ergonomic}
     uint ConcGCThreads                            = 3                                         {product} {ergonomic}
     uint G1ConcRefinementThreads                  = 10                                        {product} {ergonomic}
   size_t G1HeapRegionSize                         = 2097152                                   {product} {ergonomic}
    uintx GCDrainStackTargetSize                   = 64                                        {product} {ergonomic}
   size_t InitialHeapSize                          = 266338304                                 {product} {ergonomic}
   size_t MarkStackSize                            = 4194304                                   {product} {ergonomic}
   size_t MaxHeapSize                              = 4244635648                                {product} {ergonomic}
   size_t MinHeapDeltaBytes                        = 2097152                                   {product} {ergonomic}
   size_t MinHeapSize                              = 8388608                                   {product} {ergonomic}
    uintx NonNMethodCodeHeapSize                   = 5839372                                {pd product} {ergonomic}
    uintx NonProfiledCodeHeapSize                  = 122909434                              {pd product} {ergonomic}
    uintx ProfiledCodeHeapSize                     = 122909434                              {pd product} {ergonomic}
    uintx ReservedCodeCacheSize                    = 251658240                              {pd product} {ergonomic}
     bool SegmentedCodeCache                       = true                                      {product} {ergonomic}
   size_t SoftMaxHeapSize                          = 4244635648                             {manageable} {ergonomic}
     bool UseCompressedClassPointers               = true                           {product lp64_product} {ergonomic}
     bool UseCompressedOops                        = true                           {product lp64_product} {ergonomic}
     bool UseG1GC                                  = true                                      {product} {ergonomic}
     bool UseLargePagesIndividualAllocation        = false                                  {pd product} {ergonomic}

Logging:
Log output configuration:
 #0: stdout all=warning uptime,level,tags
 #1: stderr all=off uptime,level,tags

Environment Variables:
JAVA_HOME=C:\Program Files\Java\jdk-22
PATH=C:\Program Files\Common Files\Oracle\Java\javapath;C:\Windows\system32;C:\Windows;C:\Windows\System32\Wbem;C:\Windows\System32\WindowsPowerShell\v1.0\;C:\Windows\System32\OpenSSH\;C:\Users\Abdelrahman\AppData\Roaming\nvm;C:\Program Files\nodejs;C:\Users\Abdelrahman\Downloads\sql;C:\Program Files\Git\cmd;C:\Program Files (x86)\Microsoft SQL Server\160\Tools\Binn\;C:\Program Files\Microsoft SQL Server\160\Tools\Binn\;C:\Program Files\Microsoft SQL Server\Client SDK\ODBC\170\Tools\Binn\;C:\Program Files\Microsoft SQL Server\160\DTS\Binn\;C:\Program Files (x86)\Microsoft SQL Server\160\DTS\Binn\;C:\MinGW\bin;C:\Program Files\Java\jdk-22\bin;C:\Users\Abdelrahman\Downloads\android_sdk\cmdline-tools\tools\bin;C:\src\Android\SDK\cmdline-tools\tools\bin;C:\src\Android\SDK\tools\bin;C:\src\Android\SDK\tools;C:\src\Android\SDK\build-tools;C:\src\Android\SDK\platform-tools;C:\Users\Abdelrahman\AppData\Local\Android\Sdk\cmdline-tools\latest\bin;C:\Program Files\MiKTeX\miktex\bin\x64\;C:\Program Files\Pandoc\;C:\Program Files\MiKTeX\miktex\bin\x64;C:\Users\Abdelrahman\AppData\Local\Programs\Python\Python313\Scripts\;C:\Users\Abdelrahman\AppData\Local\Programs\Python\Python313\;C:\Users\Abdelrahman\AppData\Local\Microsoft\WindowsApps;C:\Users\Abdelrahman\AppData\Local\Programs\Microsoft VS Code\bin;C:\Users\Abdelrahman\AppData\Roaming\npm;C:\Users\Abdelrahman\AppData\Roaming\nvm;C:\Program Files\nodejs;C:\flutter\bin;C:\Users\Abdelrahman\AppData\Local\Android\Sdk\cmdline-tools\latest\bin;
USERNAME=Abdelrahman
OS=Windows_NT
PROCESSOR_IDENTIFIER=Intel64 Family 6 Model 158 Stepping 13, GenuineIntel
TMP=C:\Users\ABDELR~1\AppData\Local\Temp
TEMP=C:\Users\ABDELR~1\AppData\Local\Temp



Periodic native trim disabled

JNI global refs:
JNI global refs: 0, weak refs: 0

JNI global refs memory usage: 0, weak refs: 0

Process memory usage:
Resident Set Size: 10968K (0% of 16579748K total physical memory with 2088336K free physical memory)

OOME stack traces (most recent first):
Classloader memory used:


---------------  S Y S T E M  ---------------

OS:
 Windows 10 , 64 bit Build 19041 (10.0.19041.5072)
OS uptime: 0 days 12:37 hours

CPU: total 12 (initial active 12) (6 cores per cpu, 2 threads per core) family 6 model 158 stepping 13 microcode 0xfa, cx8, cmov, fxsr, ht, mmx, 3dnowpref, sse, sse2, sse3, ssse3, sse4.1, sse4.2, popcnt, lzcnt, tsc, tscinvbit, avx, avx2, aes, erms, clmul, bmi1, bmi2, adx, fma, vzeroupper, clflush, clflushopt
Processor Information for processor 0
  Max Mhz: 2592, Current Mhz: 1495, Mhz Limit: 2592
Processor Information for processor 1
  Max Mhz: 2592, Current Mhz: 2592, Mhz Limit: 2592
Processor Information for processor 2
  Max Mhz: 2592, Current Mhz: 1495, Mhz Limit: 2592
Processor Information for processor 3
  Max Mhz: 2592, Current Mhz: 2592, Mhz Limit: 2592
Processor Information for processor 4
  Max Mhz: 2592, Current Mhz: 2592, Mhz Limit: 2592
Processor Information for processor 5
  Max Mhz: 2592, Current Mhz: 1495, Mhz Limit: 2592
Processor Information for processor 6
  Max Mhz: 2592, Current Mhz: 2592, Mhz Limit: 2592
Processor Information for processor 7
  Max Mhz: 2592, Current Mhz: 1495, Mhz Limit: 2592
Processor Information for processor 8
  Max Mhz: 2592, Current Mhz: 1495, Mhz Limit: 2592
Processor Information for processor 9
  Max Mhz: 2592, Current Mhz: 1495, Mhz Limit: 2592
Processor Information for processor 10
  Max Mhz: 2592, Current Mhz: 2592, Mhz Limit: 2592
Processor Information for processor 11
  Max Mhz: 2592, Current Mhz: 1495, Mhz Limit: 2592

Memory: 4k page, system-wide physical 16191M (2039M free)
TotalPageFile size 16191M (AvailPageFile size 192M)
current process WorkingSet (physical memory assigned to process): 10M, peak: 10M
current process commit charge ("private bytes"): 64M, peak: 318M

vm_info: OpenJDK 64-Bit Server VM (17.0.11+0--11852314) for windows-amd64 JRE (17.0.11+0--11852314), built on May 16 2024 21:29:20 by "androidbuild" with MS VC++ 16.10 / 16.11 (VS2019)

END.
