#
# There is insufficient memory for the Java Runtime Environment to continue.
# Native memory allocation (malloc) failed to allocate 1419808 bytes. Error detail: Chunk::new
# Possible reasons:
#   The system is out of physical RAM or swap space
#   This process is running with CompressedOops enabled, and the Java Heap may be blocking the growth of the native heap
# Possible solutions:
#   Reduce memory load on the system
#   Increase physical memory or swap space
#   Check if swap backing store is full
#   Decrease Java heap size (-Xmx/-Xms)
#   Decrease number of Java threads
#   Decrease Java thread stack sizes (-Xss)
#   Set larger code cache with -XX:ReservedCodeCacheSize=
#   JVM is running with Zero Based Compressed Oops mode in which the Java heap is
#     placed in the first 32GB address space. The Java Heap base address is the
#     maximum limit for the native heap growth. Please use -XX:HeapBaseMinAddress
#     to set the Java Heap base and to place the Java Heap above 32GB virtual address.
# This output file may be truncated or incomplete.
#
#  Out of Memory Error (arena.cpp:191), pid=18612, tid=18928
#
# JRE version: OpenJDK Runtime Environment (17.0.11) (build 17.0.11+0--11852314)
# Java VM: OpenJDK 64-Bit Server VM (17.0.11+0--11852314, mixed mode, tiered, compressed oops, compressed class ptrs, g1 gc, windows-amd64)
# No core dump will be written. Minidumps are not enabled by default on client versions of Windows
#

---------------  S U M M A R Y ------------

Command Line: org.jetbrains.kotlin.cli.jvm.K2JVMCompiler @C:\Users\Abdelrahman\AndroidStudioProjects\Task2\app\build\20241207_10223367510265005005.compiler.options

Host: Intel(R) Core(TM) i7-9850H CPU @ 2.60GHz, 12 cores, 15G,  Windows 10 , 64 bit Build 19041 (10.0.19041.5072)
Time: Sat Dec  7 15:21:31 2024 Egypt Standard Time elapsed time: 7.146911 seconds (0d 0h 0m 7s)

---------------  T H R E A D  ---------------

Current thread (0x0000023e6ecaa070):  JavaThread "C2 CompilerThread2" daemon [_thread_in_native, id=18928, stack(0x000000a661300000,0x000000a661400000)]


Current CompileTask:
C2:   7147 2922       4       jdk.internal.loader.URLClassPath$JarLoader$2::getBytes (48 bytes)

Stack: [0x000000a661300000,0x000000a661400000]
Native frames: (J=compiled Java code, j=interpreted, Vv=VM code, C=native code)
V  [jvm.dll+0x687bb9]
V  [jvm.dll+0x84142a]
V  [jvm.dll+0x8430ae]
V  [jvm.dll+0x843713]
V  [jvm.dll+0x24a35f]
V  [jvm.dll+0xac544]
V  [jvm.dll+0xacb8c]
V  [jvm.dll+0x369c37]
V  [jvm.dll+0x33416a]
V  [jvm.dll+0x33360a]
V  [jvm.dll+0x21bed1]
V  [jvm.dll+0x21b311]
V  [jvm.dll+0x1a63ed]
V  [jvm.dll+0x22b1ee]
V  [jvm.dll+0x229375]
V  [jvm.dll+0x7f5647]
V  [jvm.dll+0x7efa4a]
V  [jvm.dll+0x686a35]
C  [ucrtbase.dll+0x21bb2]
C  [KERNEL32.DLL+0x17374]
C  [ntdll.dll+0x4cc91]


---------------  P R O C E S S  ---------------

Threads class SMR info:
_java_thread_list=0x0000023e6eb24870, length=14, elements={
0x0000023e49dd2bc0, 0x0000023e6d056170, 0x0000023e6d056f00, 0x0000023e6d0a5000,
0x0000023e6d0a58d0, 0x0000023e6d0a81b0, 0x0000023e6d0a8a80, 0x0000023e6d0cf360,
0x0000023e6d0cfc70, 0x0000023e6d0ac0a0, 0x0000023e6d22f070, 0x0000023e6d253e20,
0x0000023e6ecaa5c0, 0x0000023e6ecaa070
}

Java Threads: ( => current thread )
  0x0000023e49dd2bc0 JavaThread "main" [_thread_in_vm, id=18672, stack(0x000000a65f400000,0x000000a65f500000)]
  0x0000023e6d056170 JavaThread "Reference Handler" daemon [_thread_blocked, id=18704, stack(0x000000a65fb00000,0x000000a65fc00000)]
  0x0000023e6d056f00 JavaThread "Finalizer" daemon [_thread_blocked, id=18708, stack(0x000000a65fc00000,0x000000a65fd00000)]
  0x0000023e6d0a5000 JavaThread "Signal Dispatcher" daemon [_thread_blocked, id=18712, stack(0x000000a65fd00000,0x000000a65fe00000)]
  0x0000023e6d0a58d0 JavaThread "Attach Listener" daemon [_thread_blocked, id=18716, stack(0x000000a65fe00000,0x000000a65ff00000)]
  0x0000023e6d0a81b0 JavaThread "Service Thread" daemon [_thread_blocked, id=18720, stack(0x000000a65ff00000,0x000000a660000000)]
  0x0000023e6d0a8a80 JavaThread "Monitor Deflation Thread" daemon [_thread_blocked, id=18724, stack(0x000000a660000000,0x000000a660100000)]
  0x0000023e6d0cf360 JavaThread "C2 CompilerThread0" daemon [_thread_in_native, id=18728, stack(0x000000a660100000,0x000000a660200000)]
  0x0000023e6d0cfc70 JavaThread "C1 CompilerThread0" daemon [_thread_blocked, id=18732, stack(0x000000a660200000,0x000000a660300000)]
  0x0000023e6d0ac0a0 JavaThread "Sweeper thread" daemon [_thread_blocked, id=18736, stack(0x000000a660300000,0x000000a660400000)]
  0x0000023e6d22f070 JavaThread "Notification Thread" daemon [_thread_blocked, id=18740, stack(0x000000a660400000,0x000000a660500000)]
  0x0000023e6d253e20 JavaThread "Common-Cleaner" daemon [_thread_blocked, id=18748, stack(0x000000a660600000,0x000000a660700000)]
  0x0000023e6ecaa5c0 JavaThread "C2 CompilerThread1" daemon [_thread_in_native, id=18904, stack(0x000000a661200000,0x000000a661300000)]
=>0x0000023e6ecaa070 JavaThread "C2 CompilerThread2" daemon [_thread_in_native, id=18928, stack(0x000000a661300000,0x000000a661400000)]

Other Threads:
  0x0000023e68b0d520 VMThread "VM Thread" [stack: 0x000000a65fa00000,0x000000a65fb00000] [id=18700]
  0x0000023e6d24f560 WatcherThread [stack: 0x000000a660500000,0x000000a660600000] [id=18744]
  0x0000023e49e3dcd0 GCTaskThread "GC Thread#0" [stack: 0x000000a65f500000,0x000000a65f600000] [id=18676]
  0x0000023e6d73c8a0 GCTaskThread "GC Thread#1" [stack: 0x000000a660700000,0x000000a660800000] [id=18812]
  0x0000023e6d73cb60 GCTaskThread "GC Thread#2" [stack: 0x000000a660800000,0x000000a660900000] [id=18816]
  0x0000023e6d73ce20 GCTaskThread "GC Thread#3" [stack: 0x000000a660900000,0x000000a660a00000] [id=18820]
  0x0000023e6d7d4b60 GCTaskThread "GC Thread#4" [stack: 0x000000a660a00000,0x000000a660b00000] [id=18824]
  0x0000023e6d7d4e20 GCTaskThread "GC Thread#5" [stack: 0x000000a660b00000,0x000000a660c00000] [id=18828]
  0x0000023e6dc78460 GCTaskThread "GC Thread#6" [stack: 0x000000a660c00000,0x000000a660d00000] [id=18852]
  0x0000023e6ddf2800 GCTaskThread "GC Thread#7" [stack: 0x000000a660d00000,0x000000a660e00000] [id=18856]
  0x0000023e6ddf30d0 GCTaskThread "GC Thread#8" [stack: 0x000000a660e00000,0x000000a660f00000] [id=18860]
  0x0000023e6e1184d0 GCTaskThread "GC Thread#9" [stack: 0x000000a661100000,0x000000a661200000] [id=18880]
  0x0000023e49e4e830 ConcurrentGCThread "G1 Main Marker" [stack: 0x000000a65f600000,0x000000a65f700000] [id=18680]
  0x0000023e49e4f160 ConcurrentGCThread "G1 Conc#0" [stack: 0x000000a65f700000,0x000000a65f800000] [id=18684]
  0x0000023e6e010470 ConcurrentGCThread "G1 Conc#1" [stack: 0x000000a660f00000,0x000000a661000000] [id=18864]
  0x0000023e6e010730 ConcurrentGCThread "G1 Conc#2" [stack: 0x000000a661000000,0x000000a661100000] [id=18868]
  0x0000023e689b4190 ConcurrentGCThread "G1 Refine#0" [stack: 0x000000a65f800000,0x000000a65f900000] [id=18688]
  0x0000023e689b49d0 ConcurrentGCThread "G1 Service" [stack: 0x000000a65f900000,0x000000a65fa00000] [id=18692]

Threads with active compile tasks:
C2 CompilerThread0     7197 2705   !   4       jdk.internal.loader.BuiltinClassLoader::findClassOnClassPathOrNull (64 bytes)
C2 CompilerThread1     7197 2990       4       org.jetbrains.kotlin.protobuf.CodedInputStream::readTag (41 bytes)
C2 CompilerThread2     7197 2922       4       jdk.internal.loader.URLClassPath$JarLoader$2::getBytes (48 bytes)

VM state: not at safepoint (normal execution)

VM Mutex/Monitor currently owned by a thread: None

Heap address: 0x0000000703000000, size: 4048 MB, Compressed Oops mode: Zero based, Oop shift amount: 3

CDS archive(s) not mapped
Compressed class space mapped at: 0x0000000800000000-0x0000000840000000, reserved size: 1073741824
Narrow klass base: 0x0000000800000000, Narrow klass shift: 0, Narrow klass range: 0x40000000

GC Precious Log:
 CPUs: 12 total, 12 available
 Memory: 16191M
 Large Page Support: Disabled
 NUMA Support: Disabled
 Compressed Oops: Enabled (Zero based)
 Heap Region Size: 2M
 Heap Min Capacity: 8M
 Heap Initial Capacity: 254M
 Heap Max Capacity: 4048M
 Pre-touch: Disabled
 Parallel Workers: 10
 Concurrent Workers: 3
 Concurrent Refinement Workers: 10
 Periodic GC: Disabled

Heap:
 garbage-first heap   total 151552K, used 54499K [0x0000000703000000, 0x0000000800000000)
  region size 2048K, 19 young (38912K), 1 survivors (2048K)
 Metaspace       used 46314K, committed 46592K, reserved 1114112K
  class space    used 5656K, committed 5760K, reserved 1048576K

Heap Regions: E=young(eden), S=young(survivor), O=old, HS=humongous(starts), HC=humongous(continues), CS=collection set, F=free, OA=open archive, CA=closed archive, TAMS=top-at-mark-start (previous, next)
|   0|0x0000000703000000, 0x0000000703200000, 0x0000000703200000|100%|HS|  |TAMS 0x0000000703200000, 0x0000000703000000| Complete 
|   1|0x0000000703200000, 0x0000000703400000, 0x0000000703400000|100%|HC|  |TAMS 0x0000000703400000, 0x0000000703200000| Complete 
|   2|0x0000000703400000, 0x00000007035d7a00, 0x0000000703600000| 92%| O|  |TAMS 0x0000000703400000, 0x0000000703400000| Untracked 
|   3|0x0000000703600000, 0x0000000703800000, 0x0000000703800000|100%| O|  |TAMS 0x0000000703800000, 0x0000000703600000| Untracked 
|   4|0x0000000703800000, 0x0000000703a00000, 0x0000000703a00000|100%| O|  |TAMS 0x00000007038dca00, 0x0000000703800000| Untracked 
|   5|0x0000000703a00000, 0x0000000703c00000, 0x0000000703c00000|100%|HS|  |TAMS 0x0000000703a00000, 0x0000000703a00000| Complete 
|   6|0x0000000703c00000, 0x0000000703e00000, 0x0000000703e00000|100%| O|  |TAMS 0x0000000703e00000, 0x0000000703c00000| Untracked 
|   7|0x0000000703e00000, 0x0000000704000000, 0x0000000704000000|100%| O|  |TAMS 0x0000000704000000, 0x0000000703e00000| Untracked 
|   8|0x0000000704000000, 0x0000000704200000, 0x0000000704200000|100%| O|  |TAMS 0x0000000704200000, 0x0000000704000000| Untracked 
|   9|0x0000000704200000, 0x0000000704200000, 0x0000000704400000|  0%| F|  |TAMS 0x0000000704200000, 0x0000000704200000| Untracked 
|  10|0x0000000704400000, 0x0000000704400000, 0x0000000704600000|  0%| F|  |TAMS 0x0000000704400000, 0x0000000704400000| Untracked 
|  11|0x0000000704600000, 0x0000000704600000, 0x0000000704800000|  0%| F|  |TAMS 0x0000000704600000, 0x0000000704600000| Untracked 
|  12|0x0000000704800000, 0x00000007049615a8, 0x0000000704a00000| 69%| S|CS|TAMS 0x0000000704800000, 0x0000000704800000| Complete 
|  13|0x0000000704a00000, 0x0000000704a00000, 0x0000000704c00000|  0%| F|  |TAMS 0x0000000704a00000, 0x0000000704a00000| Untracked 
|  14|0x0000000704c00000, 0x0000000704c00000, 0x0000000704e00000|  0%| F|  |TAMS 0x0000000704c00000, 0x0000000704c00000| Untracked 
|  15|0x0000000704e00000, 0x0000000704e00000, 0x0000000705000000|  0%| F|  |TAMS 0x0000000704e00000, 0x0000000704e00000| Untracked 
|  16|0x0000000705000000, 0x0000000705000000, 0x0000000705200000|  0%| F|  |TAMS 0x0000000705000000, 0x0000000705000000| Untracked 
|  17|0x0000000705200000, 0x0000000705200000, 0x0000000705400000|  0%| F|  |TAMS 0x0000000705200000, 0x0000000705200000| Untracked 
|  18|0x0000000705400000, 0x0000000705400000, 0x0000000705600000|  0%| F|  |TAMS 0x0000000705400000, 0x0000000705400000| Untracked 
|  19|0x0000000705600000, 0x0000000705600000, 0x0000000705800000|  0%| F|  |TAMS 0x0000000705600000, 0x0000000705600000| Untracked 
|  20|0x0000000705800000, 0x0000000705800000, 0x0000000705a00000|  0%| F|  |TAMS 0x0000000705800000, 0x0000000705800000| Untracked 
|  21|0x0000000705a00000, 0x0000000705a00000, 0x0000000705c00000|  0%| F|  |TAMS 0x0000000705a00000, 0x0000000705a00000| Untracked 
|  22|0x0000000705c00000, 0x0000000705c00000, 0x0000000705e00000|  0%| F|  |TAMS 0x0000000705c00000, 0x0000000705c00000| Untracked 
|  23|0x0000000705e00000, 0x0000000705e00000, 0x0000000706000000|  0%| F|  |TAMS 0x0000000705e00000, 0x0000000705e00000| Untracked 
|  24|0x0000000706000000, 0x0000000706000000, 0x0000000706200000|  0%| F|  |TAMS 0x0000000706000000, 0x0000000706000000| Untracked 
|  25|0x0000000706200000, 0x0000000706200000, 0x0000000706400000|  0%| F|  |TAMS 0x0000000706200000, 0x0000000706200000| Untracked 
|  26|0x0000000706400000, 0x0000000706400000, 0x0000000706600000|  0%| F|  |TAMS 0x0000000706400000, 0x0000000706400000| Untracked 
|  27|0x0000000706600000, 0x0000000706600000, 0x0000000706800000|  0%| F|  |TAMS 0x0000000706600000, 0x0000000706600000| Untracked 
|  28|0x0000000706800000, 0x0000000706800000, 0x0000000706a00000|  0%| F|  |TAMS 0x0000000706800000, 0x0000000706800000| Untracked 
|  29|0x0000000706a00000, 0x0000000706a00000, 0x0000000706c00000|  0%| F|  |TAMS 0x0000000706a00000, 0x0000000706a00000| Untracked 
|  30|0x0000000706c00000, 0x0000000706c00000, 0x0000000706e00000|  0%| F|  |TAMS 0x0000000706c00000, 0x0000000706c00000| Untracked 
|  31|0x0000000706e00000, 0x0000000706e00000, 0x0000000707000000|  0%| F|  |TAMS 0x0000000706e00000, 0x0000000706e00000| Untracked 
|  32|0x0000000707000000, 0x0000000707000000, 0x0000000707200000|  0%| F|  |TAMS 0x0000000707000000, 0x0000000707000000| Untracked 
|  33|0x0000000707200000, 0x0000000707200000, 0x0000000707400000|  0%| F|  |TAMS 0x0000000707200000, 0x0000000707200000| Untracked 
|  34|0x0000000707400000, 0x0000000707400000, 0x0000000707600000|  0%| F|  |TAMS 0x0000000707400000, 0x0000000707400000| Untracked 
|  35|0x0000000707600000, 0x0000000707600000, 0x0000000707800000|  0%| F|  |TAMS 0x0000000707600000, 0x0000000707600000| Untracked 
|  36|0x0000000707800000, 0x0000000707800000, 0x0000000707a00000|  0%| F|  |TAMS 0x0000000707800000, 0x0000000707800000| Untracked 
|  37|0x0000000707a00000, 0x0000000707a00000, 0x0000000707c00000|  0%| F|  |TAMS 0x0000000707a00000, 0x0000000707a00000| Untracked 
|  38|0x0000000707c00000, 0x0000000707c00000, 0x0000000707e00000|  0%| F|  |TAMS 0x0000000707c00000, 0x0000000707c00000| Untracked 
|  39|0x0000000707e00000, 0x0000000707e00000, 0x0000000708000000|  0%| F|  |TAMS 0x0000000707e00000, 0x0000000707e00000| Untracked 
|  40|0x0000000708000000, 0x0000000708000000, 0x0000000708200000|  0%| F|  |TAMS 0x0000000708000000, 0x0000000708000000| Untracked 
|  41|0x0000000708200000, 0x0000000708200000, 0x0000000708400000|  0%| F|  |TAMS 0x0000000708200000, 0x0000000708200000| Untracked 
|  42|0x0000000708400000, 0x0000000708400000, 0x0000000708600000|  0%| F|  |TAMS 0x0000000708400000, 0x0000000708400000| Untracked 
|  43|0x0000000708600000, 0x0000000708600000, 0x0000000708800000|  0%| F|  |TAMS 0x0000000708600000, 0x0000000708600000| Untracked 
|  44|0x0000000708800000, 0x0000000708800000, 0x0000000708a00000|  0%| F|  |TAMS 0x0000000708800000, 0x0000000708800000| Untracked 
|  45|0x0000000708a00000, 0x0000000708a00000, 0x0000000708c00000|  0%| F|  |TAMS 0x0000000708a00000, 0x0000000708a00000| Untracked 
|  46|0x0000000708c00000, 0x0000000708c00000, 0x0000000708e00000|  0%| F|  |TAMS 0x0000000708c00000, 0x0000000708c00000| Untracked 
|  47|0x0000000708e00000, 0x0000000708e00000, 0x0000000709000000|  0%| F|  |TAMS 0x0000000708e00000, 0x0000000708e00000| Untracked 
|  48|0x0000000709000000, 0x0000000709000000, 0x0000000709200000|  0%| F|  |TAMS 0x0000000709000000, 0x0000000709000000| Untracked 
|  49|0x0000000709200000, 0x0000000709200000, 0x0000000709400000|  0%| F|  |TAMS 0x0000000709200000, 0x0000000709200000| Untracked 
|  50|0x0000000709400000, 0x0000000709400000, 0x0000000709600000|  0%| F|  |TAMS 0x0000000709400000, 0x0000000709400000| Untracked 
|  51|0x0000000709600000, 0x0000000709600000, 0x0000000709800000|  0%| F|  |TAMS 0x0000000709600000, 0x0000000709600000| Untracked 
|  52|0x0000000709800000, 0x0000000709800000, 0x0000000709a00000|  0%| F|  |TAMS 0x0000000709800000, 0x0000000709800000| Untracked 
|  53|0x0000000709a00000, 0x0000000709a00000, 0x0000000709c00000|  0%| F|  |TAMS 0x0000000709a00000, 0x0000000709a00000| Untracked 
|  54|0x0000000709c00000, 0x0000000709c00000, 0x0000000709e00000|  0%| F|  |TAMS 0x0000000709c00000, 0x0000000709c00000| Untracked 
|  55|0x0000000709e00000, 0x0000000709e00000, 0x000000070a000000|  0%| F|  |TAMS 0x0000000709e00000, 0x0000000709e00000| Untracked 
|  56|0x000000070a000000, 0x000000070a100800, 0x000000070a200000| 50%| E|  |TAMS 0x000000070a000000, 0x000000070a000000| Complete 
|  57|0x000000070a200000, 0x000000070a400000, 0x000000070a400000|100%| E|CS|TAMS 0x000000070a200000, 0x000000070a200000| Complete 
|  58|0x000000070a400000, 0x000000070a600000, 0x000000070a600000|100%| E|CS|TAMS 0x000000070a400000, 0x000000070a400000| Complete 
|  59|0x000000070a600000, 0x000000070a800000, 0x000000070a800000|100%| E|CS|TAMS 0x000000070a600000, 0x000000070a600000| Complete 
|  60|0x000000070a800000, 0x000000070aa00000, 0x000000070aa00000|100%| E|CS|TAMS 0x000000070a800000, 0x000000070a800000| Complete 
|  61|0x000000070aa00000, 0x000000070ac00000, 0x000000070ac00000|100%| E|CS|TAMS 0x000000070aa00000, 0x000000070aa00000| Complete 
|  62|0x000000070ac00000, 0x000000070ae00000, 0x000000070ae00000|100%| E|CS|TAMS 0x000000070ac00000, 0x000000070ac00000| Complete 
|  63|0x000000070ae00000, 0x000000070b000000, 0x000000070b000000|100%| E|CS|TAMS 0x000000070ae00000, 0x000000070ae00000| Complete 
|  64|0x000000070b000000, 0x000000070b200000, 0x000000070b200000|100%| E|CS|TAMS 0x000000070b000000, 0x000000070b000000| Complete 
|  65|0x000000070b200000, 0x000000070b400000, 0x000000070b400000|100%| E|CS|TAMS 0x000000070b200000, 0x000000070b200000| Complete 
|  66|0x000000070b400000, 0x000000070b600000, 0x000000070b600000|100%| E|CS|TAMS 0x000000070b400000, 0x000000070b400000| Complete 
|  67|0x000000070b600000, 0x000000070b800000, 0x000000070b800000|100%| E|CS|TAMS 0x000000070b600000, 0x000000070b600000| Complete 
|  68|0x000000070b800000, 0x000000070ba00000, 0x000000070ba00000|100%| E|CS|TAMS 0x000000070b800000, 0x000000070b800000| Complete 
|  69|0x000000070ba00000, 0x000000070bc00000, 0x000000070bc00000|100%| E|CS|TAMS 0x000000070ba00000, 0x000000070ba00000| Complete 
| 105|0x0000000710200000, 0x0000000710400000, 0x0000000710400000|100%| E|CS|TAMS 0x0000000710200000, 0x0000000710200000| Complete 
| 106|0x0000000710400000, 0x0000000710600000, 0x0000000710600000|100%| E|CS|TAMS 0x0000000710400000, 0x0000000710400000| Complete 
| 107|0x0000000710600000, 0x0000000710800000, 0x0000000710800000|100%| E|CS|TAMS 0x0000000710600000, 0x0000000710600000| Complete 
| 126|0x0000000712c00000, 0x0000000712e00000, 0x0000000712e00000|100%| E|CS|TAMS 0x0000000712c00000, 0x0000000712c00000| Complete 

Card table byte_map: [0x0000023e5cff0000,0x0000023e5d7e0000] _byte_map_base: 0x0000023e597d8000

Marking Bits (Prev, Next): (CMBitMap*) 0x0000023e49e3e200, (CMBitMap*) 0x0000023e49e3e240
 Prev Bits: [0x0000023e5dfd0000, 0x0000023e61f10000)
 Next Bits: [0x0000023e61f10000, 0x0000023e65e50000)

Polling page: 0x0000023e47d10000

Metaspace:

Usage:
  Non-class:     39.72 MB used.
      Class:      5.53 MB used.
       Both:     45.25 MB used.

Virtual space:
  Non-class space:       64.00 MB reserved,      39.88 MB ( 62%) committed,  1 nodes.
      Class space:        1.00 GB reserved,       5.62 MB ( <1%) committed,  1 nodes.
             Both:        1.06 GB reserved,      45.50 MB (  4%) committed. 

Chunk freelists:
   Non-Class:  7.59 MB
       Class:  10.33 MB
        Both:  17.92 MB

MaxMetaspaceSize: unlimited
CompressedClassSpaceSize: 1.00 GB
Initial GC threshold: 21.00 MB
Current GC threshold: 59.06 MB
CDS: off
MetaspaceReclaimPolicy: balanced
 - commit_granule_bytes: 65536.
 - commit_granule_words: 8192.
 - virtual_space_node_default_size: 8388608.
 - enlarge_chunks_in_place: 1.
 - new_chunks_are_fully_committed: 0.
 - uncommit_free_chunks: 1.
 - use_allocation_guard: 0.
 - handle_deallocations: 1.


Internal statistics:

num_allocs_failed_limit: 6.
num_arena_births: 170.
num_arena_deaths: 0.
num_vsnodes_births: 2.
num_vsnodes_deaths: 0.
num_space_committed: 727.
num_space_uncommitted: 0.
num_chunks_returned_to_freelist: 6.
num_chunks_taken_from_freelist: 1478.
num_chunk_merges: 6.
num_chunk_splits: 1245.
num_chunks_enlarged: 1131.
num_inconsistent_stats: 0.

CodeHeap 'non-profiled nmethods': size=120000Kb used=1244Kb max_used=1244Kb free=118755Kb
 bounds [0x0000023e54d80000, 0x0000023e54ff0000, 0x0000023e5c2b0000]
CodeHeap 'profiled nmethods': size=120000Kb used=6083Kb max_used=6083Kb free=113916Kb
 bounds [0x0000023e4d2b0000, 0x0000023e4d8b0000, 0x0000023e547e0000]
CodeHeap 'non-nmethods': size=5760Kb used=1261Kb max_used=1326Kb free=4498Kb
 bounds [0x0000023e547e0000, 0x0000023e54a50000, 0x0000023e54d80000]
 total_blobs=3591 nmethods=3020 adapters=483
 compilation: enabled
              stopped_count=0, restarted_count=0
 full_count=0

Compilation events (20 events):
Event: 7.128 Thread 0x0000023e6d0cfc70 nmethod 3017 0x0000023e4d87b790 code [0x0000023e4d87b940, 0x0000023e4d87bc38]
Event: 7.128 Thread 0x0000023e6d0cfc70 3018       3       org.jetbrains.kotlin.protobuf.SmallSortedMap$EntrySet::<init> (10 bytes)
Event: 7.128 Thread 0x0000023e6d0cfc70 nmethod 3018 0x0000023e4d87bd90 code [0x0000023e4d87bf40, 0x0000023e4d87c1d8]
Event: 7.128 Thread 0x0000023e6d0cfc70 3002       3       org.jetbrains.kotlin.protobuf.CodedOutputStream::computeMessageSizeNoTag (14 bytes)
Event: 7.129 Thread 0x0000023e6d0cfc70 nmethod 3002 0x0000023e4d87c310 code [0x0000023e4d87c4c0, 0x0000023e4d87c698]
Event: 7.129 Thread 0x0000023e6d0cfc70 3011       3       org.jetbrains.kotlin.protobuf.CodedOutputStream::writeMessageNoTag (18 bytes)
Event: 7.129 Thread 0x0000023e6d0cfc70 nmethod 3011 0x0000023e4d87c790 code [0x0000023e4d87c980, 0x0000023e4d87ce78]
Event: 7.129 Thread 0x0000023e6d0cfc70 3004       1       org.jetbrains.kotlin.metadata.ProtoBuf$Function::getName (5 bytes)
Event: 7.129 Thread 0x0000023e6d0cfc70 nmethod 3004 0x0000023e54ea7510 code [0x0000023e54ea76a0, 0x0000023e54ea7778]
Event: 7.129 Thread 0x0000023e6d0cfc70 3009       1       org.jetbrains.kotlin.metadata.ProtoBuf$Function::getVersionRequirementList (5 bytes)
Event: 7.130 Thread 0x0000023e6d0cfc70 nmethod 3009 0x0000023e54ea7810 code [0x0000023e54ea79a0, 0x0000023e54ea7a78]
Event: 7.130 Thread 0x0000023e6d0cfc70 3010       1       org.jetbrains.kotlin.metadata.jvm.JvmProtoBuf$StringTableTypes$Record::getOperation (5 bytes)
Event: 7.130 Thread 0x0000023e6d0cfc70 nmethod 3010 0x0000023e54ea7b10 code [0x0000023e54ea7ca0, 0x0000023e54ea7d78]
Event: 7.136 Thread 0x0000023e6d0cfc70 3019       3       org.jetbrains.kotlin.protobuf.CodedOutputStream::computeMessageSize (10 bytes)
Event: 7.137 Thread 0x0000023e6d0cfc70 nmethod 3019 0x0000023e4d87d090 code [0x0000023e4d87d260, 0x0000023e4d87d5a8]
Event: 7.137 Thread 0x0000023e6d0cfc70 3020       3       org.jetbrains.kotlin.protobuf.CodedOutputStream::writeMessage (12 bytes)
Event: 7.137 Thread 0x0000023e6d0cfc70 nmethod 3020 0x0000023e4d87d790 code [0x0000023e4d87d980, 0x0000023e4d87ddb8]
Event: 7.137 Thread 0x0000023e6d0cfc70 3021       3       org.jetbrains.kotlin.metadata.ProtoBuf$ValueParameter::getSerializedSize (171 bytes)
Event: 7.139 Thread 0x0000023e6d0cfc70 nmethod 3021 0x0000023e4d87df90 code [0x0000023e4d87e300, 0x0000023e4d87f5d8]
Event: 7.140 Thread 0x0000023e6d0cfc70 3022       3       org.jetbrains.kotlin.metadata.ProtoBuf$Type::writeTo (354 bytes)

GC Heap History (14 events):
Event: 1.694 GC heap before
{Heap before GC invocations=0 (full 0):
 garbage-first heap   total 260096K, used 24576K [0x0000000703000000, 0x0000000800000000)
  region size 2048K, 11 young (22528K), 0 survivors (0K)
 Metaspace       used 12915K, committed 12992K, reserved 1114112K
  class space    used 1233K, committed 1280K, reserved 1048576K
}
Event: 1.700 GC heap after
{Heap after GC invocations=1 (full 0):
 garbage-first heap   total 260096K, used 6647K [0x0000000703000000, 0x0000000800000000)
  region size 2048K, 2 young (4096K), 2 survivors (4096K)
 Metaspace       used 12915K, committed 12992K, reserved 1114112K
  class space    used 1233K, committed 1280K, reserved 1048576K
}
Event: 3.218 GC heap before
{Heap before GC invocations=1 (full 0):
 garbage-first heap   total 260096K, used 39415K [0x0000000703000000, 0x0000000800000000)
  region size 2048K, 19 young (38912K), 2 survivors (4096K)
 Metaspace       used 21348K, committed 21504K, reserved 1114112K
  class space    used 2326K, committed 2432K, reserved 1048576K
}
Event: 3.227 GC heap after
{Heap after GC invocations=2 (full 0):
 garbage-first heap   total 260096K, used 8247K [0x0000000703000000, 0x0000000800000000)
  region size 2048K, 3 young (6144K), 3 survivors (6144K)
 Metaspace       used 21348K, committed 21504K, reserved 1114112K
  class space    used 2326K, committed 2432K, reserved 1048576K
}
Event: 4.148 GC heap before
{Heap before GC invocations=3 (full 0):
 garbage-first heap   total 40960K, used 28727K [0x0000000703000000, 0x0000000800000000)
  region size 2048K, 14 young (28672K), 3 survivors (6144K)
 Metaspace       used 28495K, committed 28736K, reserved 1114112K
  class space    used 3535K, committed 3648K, reserved 1048576K
}
Event: 4.161 GC heap after
{Heap after GC invocations=4 (full 0):
 garbage-first heap   total 40960K, used 9132K [0x0000000703000000, 0x0000000800000000)
  region size 2048K, 3 young (6144K), 3 survivors (6144K)
 Metaspace       used 28495K, committed 28736K, reserved 1114112K
  class space    used 3535K, committed 3648K, reserved 1048576K
}
Event: 4.729 GC heap before
{Heap before GC invocations=4 (full 0):
 garbage-first heap   total 40960K, used 29612K [0x0000000703000000, 0x0000000800000000)
  region size 2048K, 12 young (24576K), 3 survivors (6144K)
 Metaspace       used 30586K, committed 30784K, reserved 1114112K
  class space    used 3952K, committed 4032K, reserved 1048576K
}
Event: 4.753 GC heap after
{Heap after GC invocations=5 (full 0):
 garbage-first heap   total 40960K, used 15292K [0x0000000703000000, 0x0000000800000000)
  region size 2048K, 2 young (4096K), 2 survivors (4096K)
 Metaspace       used 30586K, committed 30784K, reserved 1114112K
  class space    used 3952K, committed 4032K, reserved 1048576K
}
Event: 5.268 GC heap before
{Heap before GC invocations=5 (full 0):
 garbage-first heap   total 40960K, used 29628K [0x0000000703000000, 0x0000000800000000)
  region size 2048K, 9 young (18432K), 2 survivors (4096K)
 Metaspace       used 34111K, committed 34304K, reserved 1114112K
  class space    used 4348K, committed 4480K, reserved 1048576K
}
Event: 5.291 GC heap after
{Heap after GC invocations=6 (full 0):
 garbage-first heap   total 40960K, used 15132K [0x0000000703000000, 0x0000000800000000)
  region size 2048K, 1 young (2048K), 1 survivors (2048K)
 Metaspace       used 34111K, committed 34304K, reserved 1114112K
  class space    used 4348K, committed 4480K, reserved 1048576K
}
Event: 5.553 GC heap before
{Heap before GC invocations=6 (full 0):
 garbage-first heap   total 40960K, used 21276K [0x0000000703000000, 0x0000000800000000)
  region size 2048K, 6 young (12288K), 1 survivors (2048K)
 Metaspace       used 35737K, committed 35968K, reserved 1114112K
  class space    used 4531K, committed 4672K, reserved 1048576K
}
Event: 5.564 GC heap after
{Heap after GC invocations=7 (full 0):
 garbage-first heap   total 40960K, used 16204K [0x0000000703000000, 0x0000000800000000)
  region size 2048K, 1 young (2048K), 1 survivors (2048K)
 Metaspace       used 35737K, committed 35968K, reserved 1114112K
  class space    used 4531K, committed 4672K, reserved 1048576K
}
Event: 5.862 GC heap before
{Heap before GC invocations=8 (full 0):
 garbage-first heap   total 40960K, used 26444K [0x0000000703000000, 0x0000000800000000)
  region size 2048K, 7 young (14336K), 1 survivors (2048K)
 Metaspace       used 38274K, committed 38464K, reserved 1114112K
  class space    used 4762K, committed 4864K, reserved 1048576K
}
Event: 5.870 GC heap after
{Heap after GC invocations=9 (full 0):
 garbage-first heap   total 151552K, used 17635K [0x0000000703000000, 0x0000000800000000)
  region size 2048K, 1 young (2048K), 1 survivors (2048K)
 Metaspace       used 38274K, committed 38464K, reserved 1114112K
  class space    used 4762K, committed 4864K, reserved 1048576K
}

Dll operation events (2 events):
Event: 0.022 Loaded shared library C:\Program Files\Android\Android Studio\jbr\bin\java.dll
Event: 3.745 Loaded shared library C:\Program Files\Android\Android Studio\jbr\bin\verify.dll

Deoptimization events (20 events):
Event: 7.008 Thread 0x0000023e49dd2bc0 Uncommon trap: trap_request=0xffffffc6 fr.pc=0x0000023e54e633d4 relative=0x00000000000005f4
Event: 7.008 Thread 0x0000023e49dd2bc0 Uncommon trap: reason=bimorphic_or_optimized_type_check action=maybe_recompile pc=0x0000023e54e633d4 method=org.jetbrains.kotlin.protobuf.CodedInputStream.tryRefillBuffer(I)Z @ 177 c2
Event: 7.008 Thread 0x0000023e49dd2bc0 DEOPT PACKING pc=0x0000023e54e633d4 sp=0x000000a65f4f88f0
Event: 7.008 Thread 0x0000023e49dd2bc0 DEOPT UNPACKING pc=0x0000023e548369a3 sp=0x000000a65f4f87d0 mode 2
Event: 7.019 Thread 0x0000023e49dd2bc0 Uncommon trap: trap_request=0xffffffc6 fr.pc=0x0000023e54e633d4 relative=0x00000000000005f4
Event: 7.019 Thread 0x0000023e49dd2bc0 Uncommon trap: reason=bimorphic_or_optimized_type_check action=maybe_recompile pc=0x0000023e54e633d4 method=org.jetbrains.kotlin.protobuf.CodedInputStream.tryRefillBuffer(I)Z @ 177 c2
Event: 7.019 Thread 0x0000023e49dd2bc0 DEOPT PACKING pc=0x0000023e54e633d4 sp=0x000000a65f4f88f0
Event: 7.019 Thread 0x0000023e49dd2bc0 DEOPT UNPACKING pc=0x0000023e548369a3 sp=0x000000a65f4f87d0 mode 2
Event: 7.021 Thread 0x0000023e49dd2bc0 Uncommon trap: trap_request=0xffffffc6 fr.pc=0x0000023e54e633d4 relative=0x00000000000005f4
Event: 7.021 Thread 0x0000023e49dd2bc0 Uncommon trap: reason=bimorphic_or_optimized_type_check action=maybe_recompile pc=0x0000023e54e633d4 method=org.jetbrains.kotlin.protobuf.CodedInputStream.tryRefillBuffer(I)Z @ 177 c2
Event: 7.021 Thread 0x0000023e49dd2bc0 DEOPT PACKING pc=0x0000023e54e633d4 sp=0x000000a65f4f8f10
Event: 7.021 Thread 0x0000023e49dd2bc0 DEOPT UNPACKING pc=0x0000023e548369a3 sp=0x000000a65f4f8df8 mode 2
Event: 7.037 Thread 0x0000023e49dd2bc0 Uncommon trap: trap_request=0xffffff45 fr.pc=0x0000023e54ea3408 relative=0x0000000000000568
Event: 7.037 Thread 0x0000023e49dd2bc0 Uncommon trap: reason=unstable_if action=reinterpret pc=0x0000023e54ea3408 method=org.jetbrains.org.objectweb.asm.ClassReader.readUtf(II[C)Ljava/lang/String; @ 41 c2
Event: 7.037 Thread 0x0000023e49dd2bc0 DEOPT PACKING pc=0x0000023e54ea3408 sp=0x000000a65f4f8c50
Event: 7.037 Thread 0x0000023e49dd2bc0 DEOPT UNPACKING pc=0x0000023e548369a3 sp=0x000000a65f4f8bf8 mode 2
Event: 7.088 Thread 0x0000023e49dd2bc0 Uncommon trap: trap_request=0xffffffc6 fr.pc=0x0000023e54e6444c relative=0x00000000000002ec
Event: 7.088 Thread 0x0000023e49dd2bc0 Uncommon trap: reason=bimorphic_or_optimized_type_check action=maybe_recompile pc=0x0000023e54e6444c method=org.jetbrains.kotlin.protobuf.CodedInputStream.tryRefillBuffer(I)Z @ 177 c2
Event: 7.088 Thread 0x0000023e49dd2bc0 DEOPT PACKING pc=0x0000023e54e6444c sp=0x000000a65f4f93f0
Event: 7.088 Thread 0x0000023e49dd2bc0 DEOPT UNPACKING pc=0x0000023e548369a3 sp=0x000000a65f4f9328 mode 2

Classes unloaded (0 events):
No events

Classes redefined (0 events):
No events

Internal exceptions (20 events):
Event: 3.305 Thread 0x0000023e49dd2bc0 Exception <a 'java/lang/NoSuchMethodError'{0x0000000704f380d0}: 'java.lang.Object java.lang.invoke.DirectMethodHandle$Holder.invokeSpecial(java.lang.Object, java.lang.Object, java.lang.Object, java.lang.Object, long)'> (0x0000000704f380d0) 
thrown [s\src\hotspot\share\interpreter\linkResolver.cpp, line 771]
Event: 3.309 Thread 0x0000023e49dd2bc0 Exception <a 'java/lang/NoSuchMethodError'{0x0000000704f47490}: 'int java.lang.invoke.DelegatingMethodHandle$Holder.reinvoke_L(java.lang.Object, java.lang.Object, java.lang.Object, long, java.lang.Object, java.lang.Object)'> (0x0000000704f47490) 
thrown [s\src\hotspot\share\interpreter\linkResolver.cpp, line 771]
Event: 3.312 Thread 0x0000023e49dd2bc0 Exception <a 'java/lang/NoSuchMethodError'{0x0000000704f56148}: 'int java.lang.invoke.DelegatingMethodHandle$Holder.reinvoke_L(java.lang.Object, java.lang.Object, java.lang.Object, long, int, int)'> (0x0000000704f56148) 
thrown [s\src\hotspot\share\interpreter\linkResolver.cpp, line 771]
Event: 3.315 Thread 0x0000023e49dd2bc0 Exception <a 'java/lang/NoSuchMethodError'{0x0000000704f64a80}: 'int java.lang.invoke.DelegatingMethodHandle$Holder.reinvoke_L(java.lang.Object, java.lang.Object, java.lang.Object, long, long, long)'> (0x0000000704f64a80) 
thrown [s\src\hotspot\share\interpreter\linkResolver.cpp, line 771]
Event: 3.319 Thread 0x0000023e49dd2bc0 Exception <a 'java/lang/NoSuchMethodError'{0x0000000704f73098}: 'int java.lang.invoke.DelegatingMethodHandle$Holder.reinvoke_L(java.lang.Object, java.lang.Object, java.lang.Object, long, int)'> (0x0000000704f73098) 
thrown [s\src\hotspot\share\interpreter\linkResolver.cpp, line 771]
Event: 3.349 Thread 0x0000023e49dd2bc0 Exception <a 'java/lang/NoSuchMethodError'{0x0000000704c1aa28}: 'int java.lang.invoke.DirectMethodHandle$Holder.invokeStaticInit(java.lang.Object, java.lang.Object, java.lang.Object)'> (0x0000000704c1aa28) 
thrown [s\src\hotspot\share\interpreter\linkResolver.cpp, line 771]
Event: 3.359 Thread 0x0000023e49dd2bc0 Exception <a 'java/lang/NoSuchMethodError'{0x0000000704c44270}: 'int java.lang.invoke.DirectMethodHandle$Holder.invokeStaticInit(java.lang.Object, java.lang.Object)'> (0x0000000704c44270) 
thrown [s\src\hotspot\share\interpreter\linkResolver.cpp, line 771]
Event: 3.397 Thread 0x0000023e49dd2bc0 Exception <a 'java/lang/NoSuchMethodError'{0x0000000704d23200}: 'void java.lang.invoke.DirectMethodHandle$Holder.invokeSpecial(java.lang.Object, java.lang.Object, java.lang.Object)'> (0x0000000704d23200) 
thrown [s\src\hotspot\share\interpreter\linkResolver.cpp, line 771]
Event: 3.540 Thread 0x0000023e49dd2bc0 Exception <a 'java/lang/NoSuchMethodError'{0x0000000704849c78}: 'void java.lang.invoke.DirectMethodHandle$Holder.invokeStatic(java.lang.Object, java.lang.Object, java.lang.Object, java.lang.Object)'> (0x0000000704849c78) 
thrown [s\src\hotspot\share\interpreter\linkResolver.cpp, line 771]
Event: 3.678 Thread 0x0000023e49dd2bc0 Exception <a 'java/lang/NoSuchMethodError'{0x0000000704409e60}: 'void java.lang.invoke.DirectMethodHandle$Holder.invokeStaticInit(java.lang.Object, java.lang.Object)'> (0x0000000704409e60) 
thrown [s\src\hotspot\share\interpreter\linkResolver.cpp, line 771]
Event: 3.851 Thread 0x0000023e49dd2bc0 Exception <a 'java/lang/NoSuchMethodError'{0x0000000704084888}: 'void java.lang.invoke.DirectMethodHandle$Holder.invokeVirtual(java.lang.Object, java.lang.Object)'> (0x0000000704084888) 
thrown [s\src\hotspot\share\interpreter\linkResolver.cpp, line 771]
Event: 3.870 Thread 0x0000023e49dd2bc0 Exception <a 'java/lang/NoSuchMethodError'{0x00000007040fec00}: 'int java.lang.invoke.DirectMethodHandle$Holder.invokeVirtual(java.lang.Object, java.lang.Object)'> (0x00000007040fec00) 
thrown [s\src\hotspot\share\interpreter\linkResolver.cpp, line 771]
Event: 3.904 Thread 0x0000023e49dd2bc0 Exception <a 'java/lang/NoSuchMethodError'{0x0000000704197468}: 'java.lang.Object java.lang.invoke.Invokers$Holder.invokeExact_MT(java.lang.Object, java.lang.Object, java.lang.Object, java.lang.Object, java.lang.Object, java.lang.Object)'> (0x0000000704197468) 
thrown [s\src\hotspot\share\interpreter\linkResolver.cpp, line 771]
Event: 4.827 Thread 0x0000023e49dd2bc0 Implicit null exception at 0x0000023e54d983f2 to 0x0000023e54d98a4c
Event: 5.082 Thread 0x0000023e49dd2bc0 Implicit null exception at 0x0000023e54d99e72 to 0x0000023e54d9a4ec
Event: 5.176 Thread 0x0000023e49dd2bc0 Exception <a 'java/lang/NoSuchMethodError'{0x0000000704d47220}: 'java.lang.Object java.lang.invoke.DirectMethodHandle$Holder.invokeVirtual(java.lang.Object, java.lang.Object, java.lang.Object)'> (0x0000000704d47220) 
thrown [s\src\hotspot\share\interpreter\linkResolver.cpp, line 771]
Event: 6.338 Thread 0x0000023e49dd2bc0 Exception <a 'java/lang/NoSuchMethodError'{0x000000070b2ceb38}: 'java.lang.Object java.lang.invoke.DirectMethodHandle$Holder.newInvokeSpecial(java.lang.Object, java.lang.Object, int)'> (0x000000070b2ceb38) 
thrown [s\src\hotspot\share\interpreter\linkResolver.cpp, line 771]
Event: 6.528 Thread 0x0000023e49dd2bc0 Exception <a 'java/lang/NoSuchMethodError'{0x000000070ae07dd0}: 'java.lang.Object java.lang.invoke.DirectMethodHandle$Holder.newInvokeSpecial(java.lang.Object, java.lang.Object, java.lang.Object, int)'> (0x000000070ae07dd0) 
thrown [s\src\hotspot\share\interpreter\linkResolver.cpp, line 771]
Event: 6.530 Thread 0x0000023e49dd2bc0 Exception <a 'java/lang/NoSuchMethodError'{0x000000070ae0c458}: 'java.lang.Object java.lang.invoke.DirectMethodHandle$Holder.invokeSpecial(java.lang.Object, java.lang.Object, java.lang.Object, java.lang.Object, int)'> (0x000000070ae0c458) 
thrown [s\src\hotspot\share\interpreter\linkResolver.cpp, line 771]
Event: 6.530 Thread 0x0000023e49dd2bc0 Exception <a 'java/lang/NoSuchMethodError'{0x000000070ae102c8}: 'java.lang.Object java.lang.invoke.Invokers$Holder.linkToTargetMethod(java.lang.Object, java.lang.Object, int, java.lang.Object)'> (0x000000070ae102c8) 
thrown [s\src\hotspot\share\interpreter\linkResolver.cpp, line 771]

VM Operations (20 events):
Event: 5.553 Executing VM operation: CollectForMetadataAllocation
Event: 5.564 Executing VM operation: CollectForMetadataAllocation done
Event: 5.581 Executing VM operation: G1PauseRemark
Event: 5.586 Executing VM operation: G1PauseRemark done
Event: 5.594 Executing VM operation: G1PauseCleanup
Event: 5.594 Executing VM operation: G1PauseCleanup done
Event: 5.862 Executing VM operation: G1CollectForAllocation
Event: 5.870 Executing VM operation: G1CollectForAllocation done
Event: 6.486 Executing VM operation: HandshakeAllThreads
Event: 6.487 Executing VM operation: HandshakeAllThreads done
Event: 6.621 Executing VM operation: HandshakeAllThreads
Event: 6.621 Executing VM operation: HandshakeAllThreads done
Event: 6.698 Executing VM operation: HandshakeAllThreads
Event: 6.698 Executing VM operation: HandshakeAllThreads done
Event: 7.034 Executing VM operation: HandshakeAllThreads
Event: 7.034 Executing VM operation: HandshakeAllThreads done
Event: 7.034 Executing VM operation: Cleanup
Event: 7.035 Executing VM operation: Cleanup done
Event: 7.083 Executing VM operation: HandshakeAllThreads
Event: 7.083 Executing VM operation: HandshakeAllThreads done

Events (20 events):
Event: 6.335 loading class java/util/function/IntUnaryOperator done
Event: 6.411 loading class java/util/regex/Pattern$StartS
Event: 6.412 loading class java/util/regex/Pattern$StartS done
Event: 6.454 Thread 0x0000023e6ecaa070 Thread added: 0x0000023e6ecaa070
Event: 6.466 loading class java/util/ConcurrentModificationException
Event: 6.466 loading class java/util/ConcurrentModificationException done
Event: 6.486 loading class java/util/ArrayList$ListItr
Event: 6.486 loading class java/util/ArrayList$ListItr done
Event: 6.603 loading class java/io/InvalidObjectException
Event: 6.603 loading class java/io/InvalidObjectException done
Event: 6.619 loading class java/util/AbstractList$SubList$1
Event: 6.619 loading class java/util/AbstractList$SubList$1 done
Event: 6.620 loading class java/util/AbstractList$ListItr
Event: 6.620 loading class java/util/AbstractList$ListItr done
Event: 6.782 loading class java/text/StringCharacterIterator
Event: 6.782 loading class java/text/CharacterIterator
Event: 6.782 loading class java/text/CharacterIterator done
Event: 6.782 loading class java/text/StringCharacterIterator done
Event: 6.968 loading class java/lang/Override
Event: 6.968 loading class java/lang/Override done


Dynamic libraries:
0x00007ff6226f0000 - 0x00007ff6226fa000 	C:\Program Files\Android\Android Studio\jbr\bin\java.exe
0x00007ff9322f0000 - 0x00007ff9324e8000 	C:\Windows\SYSTEM32\ntdll.dll
0x00007ff930bd0000 - 0x00007ff930c92000 	C:\Windows\System32\KERNEL32.DLL
0x00007ff92fec0000 - 0x00007ff9301be000 	C:\Windows\System32\KERNELBASE.dll
0x00007ff9301c0000 - 0x00007ff9302c0000 	C:\Windows\System32\ucrtbase.dll
0x00007ff8fc090000 - 0x00007ff8fc0ab000 	C:\Program Files\Android\Android Studio\jbr\bin\VCRUNTIME140.dll
0x00007ff908ba0000 - 0x00007ff908bb7000 	C:\Program Files\Android\Android Studio\jbr\bin\jli.dll
0x00007ff931530000 - 0x00007ff9316cd000 	C:\Windows\System32\USER32.dll
0x00007ff92f990000 - 0x00007ff92f9b2000 	C:\Windows\System32\win32u.dll
0x00007ff916b10000 - 0x00007ff916daa000 	C:\Windows\WinSxS\amd64_microsoft.windows.common-controls_6595b64144ccf1df_6.0.19041.4355_none_60b8b9eb71f62e16\COMCTL32.dll
0x00007ff931500000 - 0x00007ff93152b000 	C:\Windows\System32\GDI32.dll
0x00007ff9306b0000 - 0x00007ff93074e000 	C:\Windows\System32\msvcrt.dll
0x00007ff92f9f0000 - 0x00007ff92fb07000 	C:\Windows\System32\gdi32full.dll
0x00007ff92fe20000 - 0x00007ff92febd000 	C:\Windows\System32\msvcp_win.dll
0x00007ff932220000 - 0x00007ff93224f000 	C:\Windows\System32\IMM32.DLL
0x00007ff9089f0000 - 0x00007ff9089fc000 	C:\Program Files\Android\Android Studio\jbr\bin\vcruntime140_1.dll
0x00007ff8eed30000 - 0x00007ff8eedbd000 	C:\Program Files\Android\Android Studio\jbr\bin\msvcp140.dll
0x00007ff885f00000 - 0x00007ff886b83000 	C:\Program Files\Android\Android Studio\jbr\bin\server\jvm.dll
0x00007ff930ca0000 - 0x00007ff930d51000 	C:\Windows\System32\ADVAPI32.dll
0x00007ff931e50000 - 0x00007ff931eef000 	C:\Windows\System32\sechost.dll
0x00007ff931fd0000 - 0x00007ff9320f3000 	C:\Windows\System32\RPCRT4.dll
0x00007ff92f9c0000 - 0x00007ff92f9e7000 	C:\Windows\System32\bcrypt.dll
0x00007ff92ef20000 - 0x00007ff92ef6b000 	C:\Windows\SYSTEM32\POWRPROF.dll
0x00007ff91fc10000 - 0x00007ff91fc37000 	C:\Windows\SYSTEM32\WINMM.dll
0x00007ff929950000 - 0x00007ff92995a000 	C:\Windows\SYSTEM32\VERSION.dll
0x00007ff92c6d0000 - 0x00007ff92c6d9000 	C:\Windows\SYSTEM32\WSOCK32.dll
0x00007ff930750000 - 0x00007ff9307bb000 	C:\Windows\System32\ws2_32.DLL
0x00007ff92ed90000 - 0x00007ff92eda2000 	C:\Windows\SYSTEM32\UMPDC.dll
0x00007ff92d810000 - 0x00007ff92d822000 	C:\Windows\SYSTEM32\kernel.appcore.dll
0x00007ff92c6c0000 - 0x00007ff92c6ca000 	C:\Program Files\Android\Android Studio\jbr\bin\jimage.dll
0x00007ff91f2d0000 - 0x00007ff91f4b4000 	C:\Windows\SYSTEM32\DBGHELP.DLL
0x00007ff911a80000 - 0x00007ff911ab4000 	C:\Windows\SYSTEM32\dbgcore.DLL
0x00007ff92fb10000 - 0x00007ff92fb92000 	C:\Windows\System32\bcryptPrimitives.dll
0x00007ff909040000 - 0x00007ff909065000 	C:\Program Files\Android\Android Studio\jbr\bin\java.dll
0x00007ff92a090000 - 0x00007ff92a0a8000 	C:\Program Files\Android\Android Studio\jbr\bin\zip.dll
0x00007ff9316d0000 - 0x00007ff931e3d000 	C:\Windows\System32\SHELL32.dll
0x00007ff92da10000 - 0x00007ff92e1b4000 	C:\Windows\SYSTEM32\windows.storage.dll
0x00007ff930870000 - 0x00007ff930bc3000 	C:\Windows\System32\combase.dll
0x00007ff92f3c0000 - 0x00007ff92f3ee000 	C:\Windows\SYSTEM32\Wldp.dll
0x00007ff930de0000 - 0x00007ff930ead000 	C:\Windows\System32\OLEAUT32.dll
0x00007ff931450000 - 0x00007ff9314fd000 	C:\Windows\System32\SHCORE.dll
0x00007ff932250000 - 0x00007ff9322a5000 	C:\Windows\System32\shlwapi.dll
0x00007ff92f8c0000 - 0x00007ff92f8e4000 	C:\Windows\SYSTEM32\profapi.dll
0x00007ff909020000 - 0x00007ff909039000 	C:\Program Files\Android\Android Studio\jbr\bin\net.dll
0x00007ff929ae0000 - 0x00007ff929bed000 	C:\Windows\SYSTEM32\WINHTTP.dll
0x00007ff92f120000 - 0x00007ff92f18a000 	C:\Windows\system32\mswsock.dll
0x00007ff909000000 - 0x00007ff909016000 	C:\Program Files\Android\Android Studio\jbr\bin\nio.dll
0x00007ff90af60000 - 0x00007ff90af70000 	C:\Program Files\Android\Android Studio\jbr\bin\verify.dll

dbghelp: loaded successfully - version: 4.0.5 - missing functions: none
symbol engine: initialized successfully - sym options: 0x614 - pdb path: .;C:\Program Files\Android\Android Studio\jbr\bin;C:\Windows\SYSTEM32;C:\Windows\WinSxS\amd64_microsoft.windows.common-controls_6595b64144ccf1df_6.0.19041.4355_none_60b8b9eb71f62e16;C:\Program Files\Android\Android Studio\jbr\bin\server

VM Arguments:
java_command: org.jetbrains.kotlin.cli.jvm.K2JVMCompiler @C:\Users\Abdelrahman\AndroidStudioProjects\Task2\app\build\20241207_10223367510265005005.compiler.options
java_class_path (initial): C:\Users\Abdelrahman\.gradle\caches\modules-2\files-2.1\org.jetbrains.kotlin\kotlin-compiler-embeddable\1.9.0\2c8c3a7402becca891f12739b3e9fd2dc2adbd7a\kotlin-compiler-embeddable-1.9.0.jar;C:\Users\Abdelrahman\.gradle\caches\modules-2\files-2.1\org.jetbrains.kotlin\kotlin-stdlib\1.9.0\8ee15ef0c67dc83d874f412d84378d7f0eb50b63\kotlin-stdlib-1.9.0.jar;C:\Users\Abdelrahman\.gradle\caches\modules-2\files-2.1\org.jetbrains.kotlin\kotlin-script-runtime\1.9.0\4b3102cbbb7e1b58d9d1adf89563f00069ffa7d1\kotlin-script-runtime-1.9.0.jar;C:\Users\Abdelrahman\.gradle\caches\modules-2\files-2.1\org.jetbrains.kotlin\kotlin-reflect\1.6.10\1cbe9c92c12a94eea200d23c2bbaedaf3daf5132\kotlin-reflect-1.6.10.jar;C:\Users\Abdelrahman\.gradle\caches\modules-2\files-2.1\org.jetbrains.kotlin\kotlin-daemon-embeddable\1.9.0\186543f5e28cf8d9a0290fecc2cf34301c40a65c\kotlin-daemon-embeddable-1.9.0.jar;C:\Users\Abdelrahman\.gradle\caches\modules-2\files-2.1\org.jetbrains.intellij.deps\trove4j\1.0.20200330\3afb14d5f9ceb459d724e907a21145e8ff394f02\trove4j-1.0.20200330.jar;C:\Users\Abdelrahman\.gradle\caches\modules-2\files-2.1\org.jetbrains.kotlin\kotlin-stdlib-common\1.9.0\cd65c21cfd1eec4d44ef09f9f52b6d9f8a720636\kotlin-stdlib-common-1.9.0.jar;C:\Users\Abdelrahman\.gradle\caches\modules-2\files-2.1\org.jetbrains\annotations\13.0\919f0dfe192fb4e063e7dacadee7f8bb9a2672a9\annotations-13.0.jar
Launcher Type: SUN_STANDARD

[Global flags]
     intx CICompilerCount                          = 4                                         {product} {ergonomic}
     uint ConcGCThreads                            = 3                                         {product} {ergonomic}
     uint G1ConcRefinementThreads                  = 10                                        {product} {ergonomic}
   size_t G1HeapRegionSize                         = 2097152                                   {product} {ergonomic}
    uintx GCDrainStackTargetSize                   = 64                                        {product} {ergonomic}
   size_t InitialHeapSize                          = 266338304                                 {product} {ergonomic}
   size_t MarkStackSize                            = 4194304                                   {product} {ergonomic}
   size_t MaxHeapSize                              = 4244635648                                {product} {ergonomic}
   size_t MaxNewSize                               = 2545942528                                {product} {ergonomic}
   size_t MinHeapDeltaBytes                        = 2097152                                   {product} {ergonomic}
   size_t MinHeapSize                              = 8388608                                   {product} {ergonomic}
    uintx NonNMethodCodeHeapSize                   = 5839372                                {pd product} {ergonomic}
    uintx NonProfiledCodeHeapSize                  = 122909434                              {pd product} {ergonomic}
    uintx ProfiledCodeHeapSize                     = 122909434                              {pd product} {ergonomic}
    uintx ReservedCodeCacheSize                    = 251658240                              {pd product} {ergonomic}
     bool SegmentedCodeCache                       = true                                      {product} {ergonomic}
   size_t SoftMaxHeapSize                          = 4244635648                             {manageable} {ergonomic}
     bool UseCompressedClassPointers               = true                           {product lp64_product} {ergonomic}
     bool UseCompressedOops                        = true                           {product lp64_product} {ergonomic}
     bool UseG1GC                                  = true                                      {product} {ergonomic}
     bool UseLargePagesIndividualAllocation        = false                                  {pd product} {ergonomic}

Logging:
Log output configuration:
 #0: stdout all=warning uptime,level,tags
 #1: stderr all=off uptime,level,tags

Environment Variables:
JAVA_HOME=C:\Program Files\Java\jdk-22
PATH=C:\Program Files\Common Files\Oracle\Java\javapath;C:\Windows\system32;C:\Windows;C:\Windows\System32\Wbem;C:\Windows\System32\WindowsPowerShell\v1.0\;C:\Windows\System32\OpenSSH\;C:\Users\Abdelrahman\AppData\Roaming\nvm;C:\Program Files\nodejs;C:\Users\Abdelrahman\Downloads\sql;C:\Program Files\Git\cmd;C:\Program Files (x86)\Microsoft SQL Server\160\Tools\Binn\;C:\Program Files\Microsoft SQL Server\160\Tools\Binn\;C:\Program Files\Microsoft SQL Server\Client SDK\ODBC\170\Tools\Binn\;C:\Program Files\Microsoft SQL Server\160\DTS\Binn\;C:\Program Files (x86)\Microsoft SQL Server\160\DTS\Binn\;C:\MinGW\bin;C:\Program Files\Java\jdk-22\bin;C:\Users\Abdelrahman\Downloads\android_sdk\cmdline-tools\tools\bin;C:\src\Android\SDK\cmdline-tools\tools\bin;C:\src\Android\SDK\tools\bin;C:\src\Android\SDK\tools;C:\src\Android\SDK\build-tools;C:\src\Android\SDK\platform-tools;C:\Users\Abdelrahman\AppData\Local\Android\Sdk\cmdline-tools\latest\bin;C:\Program Files\MiKTeX\miktex\bin\x64\;C:\Program Files\Pandoc\;C:\Program Files\MiKTeX\miktex\bin\x64;C:\Users\Abdelrahman\AppData\Local\Programs\Python\Python313\Scripts\;C:\Users\Abdelrahman\AppData\Local\Programs\Python\Python313\;C:\Users\Abdelrahman\AppData\Local\Microsoft\WindowsApps;C:\Users\Abdelrahman\AppData\Local\Programs\Microsoft VS Code\bin;C:\Users\Abdelrahman\AppData\Roaming\npm;C:\Users\Abdelrahman\AppData\Roaming\nvm;C:\Program Files\nodejs;C:\flutter\bin;C:\Users\Abdelrahman\AppData\Local\Android\Sdk\cmdline-tools\latest\bin;
USERNAME=Abdelrahman
OS=Windows_NT
PROCESSOR_IDENTIFIER=Intel64 Family 6 Model 158 Stepping 13, GenuineIntel
TMP=C:\Users\ABDELR~1\AppData\Local\Temp
TEMP=C:\Users\ABDELR~1\AppData\Local\Temp



Periodic native trim disabled

JNI global refs:
JNI global refs: 8, weak refs: 4

JNI global refs memory usage: 843, weak refs: 841

Process memory usage:
Resident Set Size: 223644K (1% of 16579748K total physical memory with 1266536K free physical memory)

OOME stack traces (most recent first):
Classloader memory used:
Loader jdk.internal.loader.ClassLoaders$AppClassLoader                                 : 4534K
Loader bootstrap                                                                       : 1259K
Loader jdk.internal.reflect.DelegatingClassLoader                                      : 6499B


---------------  S Y S T E M  ---------------

OS:
 Windows 10 , 64 bit Build 19041 (10.0.19041.5072)
OS uptime: 0 days 0:48 hours

CPU: total 12 (initial active 12) (6 cores per cpu, 2 threads per core) family 6 model 158 stepping 13 microcode 0xfa, cx8, cmov, fxsr, ht, mmx, 3dnowpref, sse, sse2, sse3, ssse3, sse4.1, sse4.2, popcnt, lzcnt, tsc, tscinvbit, avx, avx2, aes, erms, clmul, bmi1, bmi2, adx, fma, vzeroupper, clflush, clflushopt
Processor Information for all 12 processors :
  Max Mhz: 2592, Current Mhz: 2592, Mhz Limit: 2592

Memory: 4k page, system-wide physical 16191M (1236M free)
TotalPageFile size 16191M (AvailPageFile size 5M)
current process WorkingSet (physical memory assigned to process): 218M, peak: 223M
current process commit charge ("private bytes"): 349M, peak: 370M

vm_info: OpenJDK 64-Bit Server VM (17.0.11+0--11852314) for windows-amd64 JRE (17.0.11+0--11852314), built on May 16 2024 21:29:20 by "androidbuild" with MS VC++ 16.10 / 16.11 (VS2019)

END.
